{
  message: '📄 Swagger docs disponibles en http://localhost:8000/api-docs',
  level: 'info',
  timestamp: '2025-07-10T22:50:47.784Z'
}
{
  message: '🚀 Servidor escuchando en puerto 8000',
  level: 'info',
  timestamp: '2025-07-10T22:50:47.792Z'
}
{
  errno: undefined,
  code: 'ENOTFOUND',
  syscall: 'querySrv',
  hostname: '_mongodb._tcp.backend-3.o6blf.mongodb.net',
  level: 'error',
  message: '❌ Error al conectar a MongoDB: querySrv ENOTFOUND _mongodb._tcp.backend-3.o6blf.mongodb.net',
  stack: 'Error: querySrv ENOTFOUND _mongodb._tcp.backend-3.o6blf.mongodb.net\n' +
    '    at QueryReqWrap.onresolve [as oncomplete] (node:internal/dns/promises:294:17)',
  timestamp: '2025-07-10T22:50:48.076Z'
}
{
  level: 'error',
  message: ' Error al crear usuario: Operation `users.findOne()` buffering timed out after 10000ms',
  stack: 'MongooseError: Operation `users.findOne()` buffering timed out after 10000ms\n' +
    '    at Timeout.<anonymous> (C:\\Users\\josma\\OneDrive\\Documentos\\CoderHouse\\entrega-backend3-main\\node_modules\\mongoose\\lib\\drivers\\node-mongodb-native\\collection.js:185:23)\n' +
    '    at listOnTimeout (node:internal/timers:588:17)\n' +
    '    at process.processTimers (node:internal/timers:523:7)',
  timestamp: '2025-07-10T22:50:57.850Z'
}
{
  code: 500,
  stack: 'MongooseError: Operation `users.findOne()` buffering timed out after 10000ms\n' +
    '    at Timeout.<anonymous> (C:\\Users\\josma\\OneDrive\\Documentos\\CoderHouse\\entrega-backend3-main\\node_modules\\mongoose\\lib\\drivers\\node-mongodb-native\\collection.js:185:23)\n' +
    '    at listOnTimeout (node:internal/timers:588:17)\n' +
    '    at process.processTimers (node:internal/timers:523:7)',
  details: null,
  url: '/api/users',
  method: 'POST',
  level: 'error',
  message: '[MongooseError] Operation `users.findOne()` buffering timed out after 10000ms',
  timestamp: '2025-07-10T22:50:57.852Z'
}
{
  message: ' ID inválido: undefined',
  level: 'warn',
  timestamp: '2025-07-10T22:50:57.865Z'
}
{
  code: 400,
  stack: 'Error: Invalid user ID\n' +
    '    at file:///C:/Users/josma/OneDrive/Documentos/CoderHouse/entrega-backend3-main/src/routes/users.router.js:123:19\n' +
    '    at Layer.handle [as handle_request] (C:\\Users\\josma\\OneDrive\\Documentos\\CoderHouse\\entrega-backend3-main\\node_modules\\express\\lib\\router\\layer.js:95:5)\n' +
    '    at next (C:\\Users\\josma\\OneDrive\\Documentos\\CoderHouse\\entrega-backend3-main\\node_modules\\express\\lib\\router\\route.js:149:13)\n' +
    '    at Route.dispatch (C:\\Users\\josma\\OneDrive\\Documentos\\CoderHouse\\entrega-backend3-main\\node_modules\\express\\lib\\router\\route.js:119:3)\n' +
    '    at Layer.handle [as handle_request] (C:\\Users\\josma\\OneDrive\\Documentos\\CoderHouse\\entrega-backend3-main\\node_modules\\express\\lib\\router\\layer.js:95:5)\n' +
    '    at C:\\Users\\josma\\OneDrive\\Documentos\\CoderHouse\\entrega-backend3-main\\node_modules\\express\\lib\\router\\index.js:284:15\n' +
    '    at param (C:\\Users\\josma\\OneDrive\\Documentos\\CoderHouse\\entrega-backend3-main\\node_modules\\express\\lib\\router\\index.js:365:14)\n' +
    '    at param (C:\\Users\\josma\\OneDrive\\Documentos\\CoderHouse\\entrega-backend3-main\\node_modules\\express\\lib\\router\\index.js:376:14)\n' +
    '    at Function.process_params (C:\\Users\\josma\\OneDrive\\Documentos\\CoderHouse\\entrega-backend3-main\\node_modules\\express\\lib\\router\\index.js:421:3)\n' +
    '    at next (C:\\Users\\josma\\OneDrive\\Documentos\\CoderHouse\\entrega-backend3-main\\node_modules\\express\\lib\\router\\index.js:280:10)\n' +
    '    at Function.handle (C:\\Users\\josma\\OneDrive\\Documentos\\CoderHouse\\entrega-backend3-main\\node_modules\\express\\lib\\router\\index.js:175:3)\n' +
    '    at router (C:\\Users\\josma\\OneDrive\\Documentos\\CoderHouse\\entrega-backend3-main\\node_modules\\express\\lib\\router\\index.js:47:12)\n' +
    '    at Layer.handle [as handle_request] (C:\\Users\\josma\\OneDrive\\Documentos\\CoderHouse\\entrega-backend3-main\\node_modules\\express\\lib\\router\\layer.js:95:5)\n' +
    '    at trim_prefix (C:\\Users\\josma\\OneDrive\\Documentos\\CoderHouse\\entrega-backend3-main\\node_modules\\express\\lib\\router\\index.js:328:13)\n' +
    '    at C:\\Users\\josma\\OneDrive\\Documentos\\CoderHouse\\entrega-backend3-main\\node_modules\\express\\lib\\router\\index.js:286:9\n' +
    '    at Function.process_params (C:\\Users\\josma\\OneDrive\\Documentos\\CoderHouse\\entrega-backend3-main\\node_modules\\express\\lib\\router\\index.js:346:12)\n' +
    '    at next (C:\\Users\\josma\\OneDrive\\Documentos\\CoderHouse\\entrega-backend3-main\\node_modules\\express\\lib\\router\\index.js:280:10)\n' +
    '    at cookieParser (C:\\Users\\josma\\OneDrive\\Documentos\\CoderHouse\\entrega-backend3-main\\node_modules\\cookie-parser\\index.js:57:14)\n' +
    '    at Layer.handle [as handle_request] (C:\\Users\\josma\\OneDrive\\Documentos\\CoderHouse\\entrega-backend3-main\\node_modules\\express\\lib\\router\\layer.js:95:5)\n' +
    '    at trim_prefix (C:\\Users\\josma\\OneDrive\\Documentos\\CoderHouse\\entrega-backend3-main\\node_modules\\express\\lib\\router\\index.js:328:13)\n' +
    '    at C:\\Users\\josma\\OneDrive\\Documentos\\CoderHouse\\entrega-backend3-main\\node_modules\\express\\lib\\router\\index.js:286:9\n' +
    '    at Function.process_params (C:\\Users\\josma\\OneDrive\\Documentos\\CoderHouse\\entrega-backend3-main\\node_modules\\express\\lib\\router\\index.js:346:12)\n' +
    '    at next (C:\\Users\\josma\\OneDrive\\Documentos\\CoderHouse\\entrega-backend3-main\\node_modules\\express\\lib\\router\\index.js:280:10)\n' +
    '    at jsonParser (C:\\Users\\josma\\OneDrive\\Documentos\\CoderHouse\\entrega-backend3-main\\node_modules\\body-parser\\lib\\types\\json.js:113:7)\n' +
    '    at Layer.handle [as handle_request] (C:\\Users\\josma\\OneDrive\\Documentos\\CoderHouse\\entrega-backend3-main\\node_modules\\express\\lib\\router\\layer.js:95:5)\n' +
    '    at trim_prefix (C:\\Users\\josma\\OneDrive\\Documentos\\CoderHouse\\entrega-backend3-main\\node_modules\\express\\lib\\router\\index.js:328:13)\n' +
    '    at C:\\Users\\josma\\OneDrive\\Documentos\\CoderHouse\\entrega-backend3-main\\node_modules\\express\\lib\\router\\index.js:286:9\n' +
    '    at Function.process_params (C:\\Users\\josma\\OneDrive\\Documentos\\CoderHouse\\entrega-backend3-main\\node_modules\\express\\lib\\router\\index.js:346:12)\n' +
    '    at next (C:\\Users\\josma\\OneDrive\\Documentos\\CoderHouse\\entrega-backend3-main\\node_modules\\express\\lib\\router\\index.js:280:10)\n' +
    '    at expressInit (C:\\Users\\josma\\OneDrive\\Documentos\\CoderHouse\\entrega-backend3-main\\node_modules\\express\\lib\\middleware\\init.js:40:5)\n' +
    '    at Layer.handle [as handle_request] (C:\\Users\\josma\\OneDrive\\Documentos\\CoderHouse\\entrega-backend3-main\\node_modules\\express\\lib\\router\\layer.js:95:5)\n' +
    '    at trim_prefix (C:\\Users\\josma\\OneDrive\\Documentos\\CoderHouse\\entrega-backend3-main\\node_modules\\express\\lib\\router\\index.js:328:13)\n' +
    '    at C:\\Users\\josma\\OneDrive\\Documentos\\CoderHouse\\entrega-backend3-main\\node_modules\\express\\lib\\router\\index.js:286:9\n' +
    '    at Function.process_params (C:\\Users\\josma\\OneDrive\\Documentos\\CoderHouse\\entrega-backend3-main\\node_modules\\express\\lib\\router\\index.js:346:12)\n' +
    '    at next (C:\\Users\\josma\\OneDrive\\Documentos\\CoderHouse\\entrega-backend3-main\\node_modules\\express\\lib\\router\\index.js:280:10)\n' +
    '    at query (C:\\Users\\josma\\OneDrive\\Documentos\\CoderHouse\\entrega-backend3-main\\node_modules\\express\\lib\\middleware\\query.js:45:5)\n' +
    '    at Layer.handle [as handle_request] (C:\\Users\\josma\\OneDrive\\Documentos\\CoderHouse\\entrega-backend3-main\\node_modules\\express\\lib\\router\\layer.js:95:5)\n' +
    '    at trim_prefix (C:\\Users\\josma\\OneDrive\\Documentos\\CoderHouse\\entrega-backend3-main\\node_modules\\express\\lib\\router\\index.js:328:13)\n' +
    '    at C:\\Users\\josma\\OneDrive\\Documentos\\CoderHouse\\entrega-backend3-main\\node_modules\\express\\lib\\router\\index.js:286:9\n' +
    '    at Function.process_params (C:\\Users\\josma\\OneDrive\\Documentos\\CoderHouse\\entrega-backend3-main\\node_modules\\express\\lib\\router\\index.js:346:12)\n' +
    '    at next (C:\\Users\\josma\\OneDrive\\Documentos\\CoderHouse\\entrega-backend3-main\\node_modules\\express\\lib\\router\\index.js:280:10)\n' +
    '    at Function.handle (C:\\Users\\josma\\OneDrive\\Documentos\\CoderHouse\\entrega-backend3-main\\node_modules\\express\\lib\\router\\index.js:175:3)\n' +
    '    at Function.handle (C:\\Users\\josma\\OneDrive\\Documentos\\CoderHouse\\entrega-backend3-main\\node_modules\\express\\lib\\application.js:181:10)\n' +
    '    at Server.app (C:\\Users\\josma\\OneDrive\\Documentos\\CoderHouse\\entrega-backend3-main\\node_modules\\express\\lib\\express.js:39:9)\n' +
    '    at Server.emit (node:events:518:28)\n' +
    '    at parserOnIncoming (node:_http_server:1155:12)\n' +
    '    at HTTPParser.parserOnHeadersComplete (node:_http_common:117:17)',
  details: null,
  url: '/api/users/undefined',
  method: 'DELETE',
  level: 'error',
  message: '[Error] Invalid user ID',
  timestamp: '2025-07-10T22:50:57.867Z'
}
{
  message: ' DELETE /api/pets/undefined - intento de eliminar mascota',
  level: 'info',
  timestamp: '2025-07-10T22:50:57.873Z'
}
{
  stringValue: '"undefined"',
  messageFormat: undefined,
  kind: 'ObjectId',
  value: 'undefined',
  path: '_id',
  reason: BSONError: input must be a 24 character hex string, 12 byte Uint8Array, or an integer
      at new ObjectId (C:\Users\josma\OneDrive\Documentos\CoderHouse\entrega-backend3-main\node_modules\bson\lib\bson.cjs:2523:23)
      at castObjectId (C:\Users\josma\OneDrive\Documentos\CoderHouse\entrega-backend3-main\node_modules\mongoose\lib\cast\objectid.js:25:12)
      at SchemaObjectId.cast (C:\Users\josma\OneDrive\Documentos\CoderHouse\entrega-backend3-main\node_modules\mongoose\lib\schema\objectId.js:249:12)
      at SchemaType.applySetters (C:\Users\josma\OneDrive\Documentos\CoderHouse\entrega-backend3-main\node_modules\mongoose\lib\schemaType.js:1255:12)
      at SchemaType.castForQuery (C:\Users\josma\OneDrive\Documentos\CoderHouse\entrega-backend3-main\node_modules\mongoose\lib\schemaType.js:1673:17)
      at cast (C:\Users\josma\OneDrive\Documentos\CoderHouse\entrega-backend3-main\node_modules\mongoose\lib\cast.js:390:32)
      at Query.cast (C:\Users\josma\OneDrive\Documentos\CoderHouse\entrega-backend3-main\node_modules\mongoose\lib\query.js:4907:12)
      at Query._castConditions (C:\Users\josma\OneDrive\Documentos\CoderHouse\entrega-backend3-main\node_modules\mongoose\lib\query.js:2325:10)
      at model.Query._findOne (C:\Users\josma\OneDrive\Documentos\CoderHouse\entrega-backend3-main\node_modules\mongoose\lib\query.js:2648:8)
      at model.Query.exec (C:\Users\josma\OneDrive\Documentos\CoderHouse\entrega-backend3-main\node_modules\mongoose\lib\query.js:4456:80)
      at process.processTicksAndRejections (node:internal/process/task_queues:105:5)
      at async PetsDAO.getBy (file:///C:/Users/josma/OneDrive/Documentos/CoderHouse/entrega-backend3-main/src/dao/Pets.dao.js:9:16)
      at async file:///C:/Users/josma/OneDrive/Documentos/CoderHouse/entrega-backend3-main/src/routes/pets.router.js:115:25,
  valueType: 'string',
  level: 'error',
  message: ' Error al eliminar mascota: Cast to ObjectId failed for value "undefined" (type string) at path "_id" for model "Pets"',
  stack: 'CastError: Cast to ObjectId failed for value "undefined" (type string) at path "_id" for model "Pets"\n' +
    '    at SchemaObjectId.cast (C:\\Users\\josma\\OneDrive\\Documentos\\CoderHouse\\entrega-backend3-main\\node_modules\\mongoose\\lib\\schema\\objectId.js:251:11)\n' +
    '    at SchemaType.applySetters (C:\\Users\\josma\\OneDrive\\Documentos\\CoderHouse\\entrega-backend3-main\\node_modules\\mongoose\\lib\\schemaType.js:1255:12)\n' +
    '    at SchemaType.castForQuery (C:\\Users\\josma\\OneDrive\\Documentos\\CoderHouse\\entrega-backend3-main\\node_modules\\mongoose\\lib\\schemaType.js:1673:17)\n' +
    '    at cast (C:\\Users\\josma\\OneDrive\\Documentos\\CoderHouse\\entrega-backend3-main\\node_modules\\mongoose\\lib\\cast.js:390:32)\n' +
    '    at Query.cast (C:\\Users\\josma\\OneDrive\\Documentos\\CoderHouse\\entrega-backend3-main\\node_modules\\mongoose\\lib\\query.js:4907:12)\n' +
    '    at Query._castConditions (C:\\Users\\josma\\OneDrive\\Documentos\\CoderHouse\\entrega-backend3-main\\node_modules\\mongoose\\lib\\query.js:2325:10)\n' +
    '    at model.Query._findOne (C:\\Users\\josma\\OneDrive\\Documentos\\CoderHouse\\entrega-backend3-main\\node_modules\\mongoose\\lib\\query.js:2648:8)\n' +
    '    at model.Query.exec (C:\\Users\\josma\\OneDrive\\Documentos\\CoderHouse\\entrega-backend3-main\\node_modules\\mongoose\\lib\\query.js:4456:80)\n' +
    '    at process.processTicksAndRejections (node:internal/process/task_queues:105:5)\n' +
    '    at async PetsDAO.getBy (file:///C:/Users/josma/OneDrive/Documentos/CoderHouse/entrega-backend3-main/src/dao/Pets.dao.js:9:16)\n' +
    '    at async file:///C:/Users/josma/OneDrive/Documentos/CoderHouse/entrega-backend3-main/src/routes/pets.router.js:115:25',
  timestamp: '2025-07-10T22:50:57.874Z'
}
{
  code: 500,
  stack: 'CastError: Cast to ObjectId failed for value "undefined" (type string) at path "_id" for model "Pets"\n' +
    '    at SchemaObjectId.cast (C:\\Users\\josma\\OneDrive\\Documentos\\CoderHouse\\entrega-backend3-main\\node_modules\\mongoose\\lib\\schema\\objectId.js:251:11)\n' +
    '    at SchemaType.applySetters (C:\\Users\\josma\\OneDrive\\Documentos\\CoderHouse\\entrega-backend3-main\\node_modules\\mongoose\\lib\\schemaType.js:1255:12)\n' +
    '    at SchemaType.castForQuery (C:\\Users\\josma\\OneDrive\\Documentos\\CoderHouse\\entrega-backend3-main\\node_modules\\mongoose\\lib\\schemaType.js:1673:17)\n' +
    '    at cast (C:\\Users\\josma\\OneDrive\\Documentos\\CoderHouse\\entrega-backend3-main\\node_modules\\mongoose\\lib\\cast.js:390:32)\n' +
    '    at Query.cast (C:\\Users\\josma\\OneDrive\\Documentos\\CoderHouse\\entrega-backend3-main\\node_modules\\mongoose\\lib\\query.js:4907:12)\n' +
    '    at Query._castConditions (C:\\Users\\josma\\OneDrive\\Documentos\\CoderHouse\\entrega-backend3-main\\node_modules\\mongoose\\lib\\query.js:2325:10)\n' +
    '    at model.Query._findOne (C:\\Users\\josma\\OneDrive\\Documentos\\CoderHouse\\entrega-backend3-main\\node_modules\\mongoose\\lib\\query.js:2648:8)\n' +
    '    at model.Query.exec (C:\\Users\\josma\\OneDrive\\Documentos\\CoderHouse\\entrega-backend3-main\\node_modules\\mongoose\\lib\\query.js:4456:80)\n' +
    '    at process.processTicksAndRejections (node:internal/process/task_queues:105:5)\n' +
    '    at async PetsDAO.getBy (file:///C:/Users/josma/OneDrive/Documentos/CoderHouse/entrega-backend3-main/src/dao/Pets.dao.js:9:16)\n' +
    '    at async file:///C:/Users/josma/OneDrive/Documentos/CoderHouse/entrega-backend3-main/src/routes/pets.router.js:115:25',
  details: null,
  url: '/api/pets/undefined',
  method: 'DELETE',
  level: 'error',
  message: '[CastError] Cast to ObjectId failed for value "undefined" (type string) at path "_id" for model "Pets"',
  timestamp: '2025-07-10T22:50:57.876Z'
}
{
  message: '📄 Swagger docs disponibles en http://localhost:8000/api-docs',
  level: 'info',
  timestamp: '2025-07-10T22:58:30.583Z'
}
{
  message: '🚀 Servidor escuchando en puerto 8000',
  level: 'info',
  timestamp: '2025-07-10T22:58:30.591Z'
}
{
  message: '✅ Conexión a MongoDB exitosa',
  level: 'info',
  timestamp: '2025-07-10T22:58:31.359Z'
}
{
  message: ' El email ya está en uso: juan@example.com',
  level: 'warn',
  timestamp: '2025-07-10T22:58:31.409Z'
}
{
  code: 400,
  stack: 'Error: Email already in use\n' +
    '    at file:///C:/Users/josma/OneDrive/Documentos/CoderHouse/entrega-backend3-main/src/routes/users.router.js:58:19\n' +
    '    at process.processTicksAndRejections (node:internal/process/task_queues:105:5)',
  details: null,
  url: '/api/users',
  method: 'POST',
  level: 'error',
  message: '[Error] Email already in use',
  timestamp: '2025-07-10T22:58:31.410Z'
}
{
  message: ' ID inválido: undefined',
  level: 'warn',
  timestamp: '2025-07-10T22:58:31.420Z'
}
{
  code: 400,
  stack: 'Error: Invalid user ID\n' +
    '    at file:///C:/Users/josma/OneDrive/Documentos/CoderHouse/entrega-backend3-main/src/routes/users.router.js:123:19\n' +
    '    at Layer.handle [as handle_request] (C:\\Users\\josma\\OneDrive\\Documentos\\CoderHouse\\entrega-backend3-main\\node_modules\\express\\lib\\router\\layer.js:95:5)\n' +
    '    at next (C:\\Users\\josma\\OneDrive\\Documentos\\CoderHouse\\entrega-backend3-main\\node_modules\\express\\lib\\router\\route.js:149:13)\n' +
    '    at Route.dispatch (C:\\Users\\josma\\OneDrive\\Documentos\\CoderHouse\\entrega-backend3-main\\node_modules\\express\\lib\\router\\route.js:119:3)\n' +
    '    at Layer.handle [as handle_request] (C:\\Users\\josma\\OneDrive\\Documentos\\CoderHouse\\entrega-backend3-main\\node_modules\\express\\lib\\router\\layer.js:95:5)\n' +
    '    at C:\\Users\\josma\\OneDrive\\Documentos\\CoderHouse\\entrega-backend3-main\\node_modules\\express\\lib\\router\\index.js:284:15\n' +
    '    at param (C:\\Users\\josma\\OneDrive\\Documentos\\CoderHouse\\entrega-backend3-main\\node_modules\\express\\lib\\router\\index.js:365:14)\n' +
    '    at param (C:\\Users\\josma\\OneDrive\\Documentos\\CoderHouse\\entrega-backend3-main\\node_modules\\express\\lib\\router\\index.js:376:14)\n' +
    '    at Function.process_params (C:\\Users\\josma\\OneDrive\\Documentos\\CoderHouse\\entrega-backend3-main\\node_modules\\express\\lib\\router\\index.js:421:3)\n' +
    '    at next (C:\\Users\\josma\\OneDrive\\Documentos\\CoderHouse\\entrega-backend3-main\\node_modules\\express\\lib\\router\\index.js:280:10)\n' +
    '    at Function.handle (C:\\Users\\josma\\OneDrive\\Documentos\\CoderHouse\\entrega-backend3-main\\node_modules\\express\\lib\\router\\index.js:175:3)\n' +
    '    at router (C:\\Users\\josma\\OneDrive\\Documentos\\CoderHouse\\entrega-backend3-main\\node_modules\\express\\lib\\router\\index.js:47:12)\n' +
    '    at Layer.handle [as handle_request] (C:\\Users\\josma\\OneDrive\\Documentos\\CoderHouse\\entrega-backend3-main\\node_modules\\express\\lib\\router\\layer.js:95:5)\n' +
    '    at trim_prefix (C:\\Users\\josma\\OneDrive\\Documentos\\CoderHouse\\entrega-backend3-main\\node_modules\\express\\lib\\router\\index.js:328:13)\n' +
    '    at C:\\Users\\josma\\OneDrive\\Documentos\\CoderHouse\\entrega-backend3-main\\node_modules\\express\\lib\\router\\index.js:286:9\n' +
    '    at Function.process_params (C:\\Users\\josma\\OneDrive\\Documentos\\CoderHouse\\entrega-backend3-main\\node_modules\\express\\lib\\router\\index.js:346:12)\n' +
    '    at next (C:\\Users\\josma\\OneDrive\\Documentos\\CoderHouse\\entrega-backend3-main\\node_modules\\express\\lib\\router\\index.js:280:10)\n' +
    '    at cookieParser (C:\\Users\\josma\\OneDrive\\Documentos\\CoderHouse\\entrega-backend3-main\\node_modules\\cookie-parser\\index.js:57:14)\n' +
    '    at Layer.handle [as handle_request] (C:\\Users\\josma\\OneDrive\\Documentos\\CoderHouse\\entrega-backend3-main\\node_modules\\express\\lib\\router\\layer.js:95:5)\n' +
    '    at trim_prefix (C:\\Users\\josma\\OneDrive\\Documentos\\CoderHouse\\entrega-backend3-main\\node_modules\\express\\lib\\router\\index.js:328:13)\n' +
    '    at C:\\Users\\josma\\OneDrive\\Documentos\\CoderHouse\\entrega-backend3-main\\node_modules\\express\\lib\\router\\index.js:286:9\n' +
    '    at Function.process_params (C:\\Users\\josma\\OneDrive\\Documentos\\CoderHouse\\entrega-backend3-main\\node_modules\\express\\lib\\router\\index.js:346:12)\n' +
    '    at next (C:\\Users\\josma\\OneDrive\\Documentos\\CoderHouse\\entrega-backend3-main\\node_modules\\express\\lib\\router\\index.js:280:10)\n' +
    '    at jsonParser (C:\\Users\\josma\\OneDrive\\Documentos\\CoderHouse\\entrega-backend3-main\\node_modules\\body-parser\\lib\\types\\json.js:113:7)\n' +
    '    at Layer.handle [as handle_request] (C:\\Users\\josma\\OneDrive\\Documentos\\CoderHouse\\entrega-backend3-main\\node_modules\\express\\lib\\router\\layer.js:95:5)\n' +
    '    at trim_prefix (C:\\Users\\josma\\OneDrive\\Documentos\\CoderHouse\\entrega-backend3-main\\node_modules\\express\\lib\\router\\index.js:328:13)\n' +
    '    at C:\\Users\\josma\\OneDrive\\Documentos\\CoderHouse\\entrega-backend3-main\\node_modules\\express\\lib\\router\\index.js:286:9\n' +
    '    at Function.process_params (C:\\Users\\josma\\OneDrive\\Documentos\\CoderHouse\\entrega-backend3-main\\node_modules\\express\\lib\\router\\index.js:346:12)\n' +
    '    at next (C:\\Users\\josma\\OneDrive\\Documentos\\CoderHouse\\entrega-backend3-main\\node_modules\\express\\lib\\router\\index.js:280:10)\n' +
    '    at expressInit (C:\\Users\\josma\\OneDrive\\Documentos\\CoderHouse\\entrega-backend3-main\\node_modules\\express\\lib\\middleware\\init.js:40:5)\n' +
    '    at Layer.handle [as handle_request] (C:\\Users\\josma\\OneDrive\\Documentos\\CoderHouse\\entrega-backend3-main\\node_modules\\express\\lib\\router\\layer.js:95:5)\n' +
    '    at trim_prefix (C:\\Users\\josma\\OneDrive\\Documentos\\CoderHouse\\entrega-backend3-main\\node_modules\\express\\lib\\router\\index.js:328:13)\n' +
    '    at C:\\Users\\josma\\OneDrive\\Documentos\\CoderHouse\\entrega-backend3-main\\node_modules\\express\\lib\\router\\index.js:286:9\n' +
    '    at Function.process_params (C:\\Users\\josma\\OneDrive\\Documentos\\CoderHouse\\entrega-backend3-main\\node_modules\\express\\lib\\router\\index.js:346:12)\n' +
    '    at next (C:\\Users\\josma\\OneDrive\\Documentos\\CoderHouse\\entrega-backend3-main\\node_modules\\express\\lib\\router\\index.js:280:10)\n' +
    '    at query (C:\\Users\\josma\\OneDrive\\Documentos\\CoderHouse\\entrega-backend3-main\\node_modules\\express\\lib\\middleware\\query.js:45:5)\n' +
    '    at Layer.handle [as handle_request] (C:\\Users\\josma\\OneDrive\\Documentos\\CoderHouse\\entrega-backend3-main\\node_modules\\express\\lib\\router\\layer.js:95:5)\n' +
    '    at trim_prefix (C:\\Users\\josma\\OneDrive\\Documentos\\CoderHouse\\entrega-backend3-main\\node_modules\\express\\lib\\router\\index.js:328:13)\n' +
    '    at C:\\Users\\josma\\OneDrive\\Documentos\\CoderHouse\\entrega-backend3-main\\node_modules\\express\\lib\\router\\index.js:286:9\n' +
    '    at Function.process_params (C:\\Users\\josma\\OneDrive\\Documentos\\CoderHouse\\entrega-backend3-main\\node_modules\\express\\lib\\router\\index.js:346:12)\n' +
    '    at next (C:\\Users\\josma\\OneDrive\\Documentos\\CoderHouse\\entrega-backend3-main\\node_modules\\express\\lib\\router\\index.js:280:10)\n' +
    '    at Function.handle (C:\\Users\\josma\\OneDrive\\Documentos\\CoderHouse\\entrega-backend3-main\\node_modules\\express\\lib\\router\\index.js:175:3)\n' +
    '    at Function.handle (C:\\Users\\josma\\OneDrive\\Documentos\\CoderHouse\\entrega-backend3-main\\node_modules\\express\\lib\\application.js:181:10)\n' +
    '    at Server.app (C:\\Users\\josma\\OneDrive\\Documentos\\CoderHouse\\entrega-backend3-main\\node_modules\\express\\lib\\express.js:39:9)\n' +
    '    at Server.emit (node:events:518:28)\n' +
    '    at parserOnIncoming (node:_http_server:1155:12)\n' +
    '    at HTTPParser.parserOnHeadersComplete (node:_http_common:117:17)',
  details: null,
  url: '/api/users/undefined',
  method: 'DELETE',
  level: 'error',
  message: '[Error] Invalid user ID',
  timestamp: '2025-07-10T22:58:31.421Z'
}
{
  message: ' DELETE /api/pets/undefined - intento de eliminar mascota',
  level: 'info',
  timestamp: '2025-07-10T22:58:31.426Z'
}
{
  stringValue: '"undefined"',
  messageFormat: undefined,
  kind: 'ObjectId',
  value: 'undefined',
  path: '_id',
  reason: BSONError: input must be a 24 character hex string, 12 byte Uint8Array, or an integer
      at new ObjectId (C:\Users\josma\OneDrive\Documentos\CoderHouse\entrega-backend3-main\node_modules\bson\lib\bson.cjs:2523:23)
      at castObjectId (C:\Users\josma\OneDrive\Documentos\CoderHouse\entrega-backend3-main\node_modules\mongoose\lib\cast\objectid.js:25:12)
      at SchemaObjectId.cast (C:\Users\josma\OneDrive\Documentos\CoderHouse\entrega-backend3-main\node_modules\mongoose\lib\schema\objectId.js:249:12)
      at SchemaType.applySetters (C:\Users\josma\OneDrive\Documentos\CoderHouse\entrega-backend3-main\node_modules\mongoose\lib\schemaType.js:1255:12)
      at SchemaType.castForQuery (C:\Users\josma\OneDrive\Documentos\CoderHouse\entrega-backend3-main\node_modules\mongoose\lib\schemaType.js:1673:17)
      at cast (C:\Users\josma\OneDrive\Documentos\CoderHouse\entrega-backend3-main\node_modules\mongoose\lib\cast.js:390:32)
      at Query.cast (C:\Users\josma\OneDrive\Documentos\CoderHouse\entrega-backend3-main\node_modules\mongoose\lib\query.js:4907:12)
      at Query._castConditions (C:\Users\josma\OneDrive\Documentos\CoderHouse\entrega-backend3-main\node_modules\mongoose\lib\query.js:2325:10)
      at model.Query._findOne (C:\Users\josma\OneDrive\Documentos\CoderHouse\entrega-backend3-main\node_modules\mongoose\lib\query.js:2648:8)
      at model.Query.exec (C:\Users\josma\OneDrive\Documentos\CoderHouse\entrega-backend3-main\node_modules\mongoose\lib\query.js:4456:80)
      at process.processTicksAndRejections (node:internal/process/task_queues:105:5)
      at async PetsDAO.getBy (file:///C:/Users/josma/OneDrive/Documentos/CoderHouse/entrega-backend3-main/src/dao/Pets.dao.js:9:16)
      at async file:///C:/Users/josma/OneDrive/Documentos/CoderHouse/entrega-backend3-main/src/routes/pets.router.js:115:25,
  valueType: 'string',
  level: 'error',
  message: ' Error al eliminar mascota: Cast to ObjectId failed for value "undefined" (type string) at path "_id" for model "Pets"',
  stack: 'CastError: Cast to ObjectId failed for value "undefined" (type string) at path "_id" for model "Pets"\n' +
    '    at SchemaObjectId.cast (C:\\Users\\josma\\OneDrive\\Documentos\\CoderHouse\\entrega-backend3-main\\node_modules\\mongoose\\lib\\schema\\objectId.js:251:11)\n' +
    '    at SchemaType.applySetters (C:\\Users\\josma\\OneDrive\\Documentos\\CoderHouse\\entrega-backend3-main\\node_modules\\mongoose\\lib\\schemaType.js:1255:12)\n' +
    '    at SchemaType.castForQuery (C:\\Users\\josma\\OneDrive\\Documentos\\CoderHouse\\entrega-backend3-main\\node_modules\\mongoose\\lib\\schemaType.js:1673:17)\n' +
    '    at cast (C:\\Users\\josma\\OneDrive\\Documentos\\CoderHouse\\entrega-backend3-main\\node_modules\\mongoose\\lib\\cast.js:390:32)\n' +
    '    at Query.cast (C:\\Users\\josma\\OneDrive\\Documentos\\CoderHouse\\entrega-backend3-main\\node_modules\\mongoose\\lib\\query.js:4907:12)\n' +
    '    at Query._castConditions (C:\\Users\\josma\\OneDrive\\Documentos\\CoderHouse\\entrega-backend3-main\\node_modules\\mongoose\\lib\\query.js:2325:10)\n' +
    '    at model.Query._findOne (C:\\Users\\josma\\OneDrive\\Documentos\\CoderHouse\\entrega-backend3-main\\node_modules\\mongoose\\lib\\query.js:2648:8)\n' +
    '    at model.Query.exec (C:\\Users\\josma\\OneDrive\\Documentos\\CoderHouse\\entrega-backend3-main\\node_modules\\mongoose\\lib\\query.js:4456:80)\n' +
    '    at process.processTicksAndRejections (node:internal/process/task_queues:105:5)\n' +
    '    at async PetsDAO.getBy (file:///C:/Users/josma/OneDrive/Documentos/CoderHouse/entrega-backend3-main/src/dao/Pets.dao.js:9:16)\n' +
    '    at async file:///C:/Users/josma/OneDrive/Documentos/CoderHouse/entrega-backend3-main/src/routes/pets.router.js:115:25',
  timestamp: '2025-07-10T22:58:31.428Z'
}
{
  code: 500,
  stack: 'CastError: Cast to ObjectId failed for value "undefined" (type string) at path "_id" for model "Pets"\n' +
    '    at SchemaObjectId.cast (C:\\Users\\josma\\OneDrive\\Documentos\\CoderHouse\\entrega-backend3-main\\node_modules\\mongoose\\lib\\schema\\objectId.js:251:11)\n' +
    '    at SchemaType.applySetters (C:\\Users\\josma\\OneDrive\\Documentos\\CoderHouse\\entrega-backend3-main\\node_modules\\mongoose\\lib\\schemaType.js:1255:12)\n' +
    '    at SchemaType.castForQuery (C:\\Users\\josma\\OneDrive\\Documentos\\CoderHouse\\entrega-backend3-main\\node_modules\\mongoose\\lib\\schemaType.js:1673:17)\n' +
    '    at cast (C:\\Users\\josma\\OneDrive\\Documentos\\CoderHouse\\entrega-backend3-main\\node_modules\\mongoose\\lib\\cast.js:390:32)\n' +
    '    at Query.cast (C:\\Users\\josma\\OneDrive\\Documentos\\CoderHouse\\entrega-backend3-main\\node_modules\\mongoose\\lib\\query.js:4907:12)\n' +
    '    at Query._castConditions (C:\\Users\\josma\\OneDrive\\Documentos\\CoderHouse\\entrega-backend3-main\\node_modules\\mongoose\\lib\\query.js:2325:10)\n' +
    '    at model.Query._findOne (C:\\Users\\josma\\OneDrive\\Documentos\\CoderHouse\\entrega-backend3-main\\node_modules\\mongoose\\lib\\query.js:2648:8)\n' +
    '    at model.Query.exec (C:\\Users\\josma\\OneDrive\\Documentos\\CoderHouse\\entrega-backend3-main\\node_modules\\mongoose\\lib\\query.js:4456:80)\n' +
    '    at process.processTicksAndRejections (node:internal/process/task_queues:105:5)\n' +
    '    at async PetsDAO.getBy (file:///C:/Users/josma/OneDrive/Documentos/CoderHouse/entrega-backend3-main/src/dao/Pets.dao.js:9:16)\n' +
    '    at async file:///C:/Users/josma/OneDrive/Documentos/CoderHouse/entrega-backend3-main/src/routes/pets.router.js:115:25',
  details: null,
  url: '/api/pets/undefined',
  method: 'DELETE',
  level: 'error',
  message: '[CastError] Cast to ObjectId failed for value "undefined" (type string) at path "_id" for model "Pets"',
  timestamp: '2025-07-10T22:58:31.430Z'
}
{
  message: '📄 Swagger docs disponibles en http://localhost:8000/api-docs',
  level: 'info',
  timestamp: '2025-07-10T23:01:58.777Z'
}
{
  message: '🚀 Servidor escuchando en puerto 8000',
  level: 'info',
  timestamp: '2025-07-10T23:01:58.785Z'
}
{
  message: '✅ Conexión a MongoDB exitosa',
  level: 'info',
  timestamp: '2025-07-10T23:01:59.544Z'
}
{
  message: ' El email ya está en uso: juan@example.com',
  level: 'warn',
  timestamp: '2025-07-10T23:01:59.590Z'
}
{
  code: 400,
  stack: 'Error: Email already in use\n' +
    '    at file:///C:/Users/josma/OneDrive/Documentos/CoderHouse/entrega-backend3-main/src/routes/users.router.js:58:19\n' +
    '    at process.processTicksAndRejections (node:internal/process/task_queues:105:5)',
  details: null,
  url: '/api/users',
  method: 'POST',
  level: 'error',
  message: '[Error] Email already in use',
  timestamp: '2025-07-10T23:01:59.591Z'
}
{
  message: ' ID inválido: undefined',
  level: 'warn',
  timestamp: '2025-07-10T23:01:59.601Z'
}
{
  code: 400,
  stack: 'Error: Invalid user ID\n' +
    '    at file:///C:/Users/josma/OneDrive/Documentos/CoderHouse/entrega-backend3-main/src/routes/users.router.js:123:19\n' +
    '    at Layer.handle [as handle_request] (C:\\Users\\josma\\OneDrive\\Documentos\\CoderHouse\\entrega-backend3-main\\node_modules\\express\\lib\\router\\layer.js:95:5)\n' +
    '    at next (C:\\Users\\josma\\OneDrive\\Documentos\\CoderHouse\\entrega-backend3-main\\node_modules\\express\\lib\\router\\route.js:149:13)\n' +
    '    at Route.dispatch (C:\\Users\\josma\\OneDrive\\Documentos\\CoderHouse\\entrega-backend3-main\\node_modules\\express\\lib\\router\\route.js:119:3)\n' +
    '    at Layer.handle [as handle_request] (C:\\Users\\josma\\OneDrive\\Documentos\\CoderHouse\\entrega-backend3-main\\node_modules\\express\\lib\\router\\layer.js:95:5)\n' +
    '    at C:\\Users\\josma\\OneDrive\\Documentos\\CoderHouse\\entrega-backend3-main\\node_modules\\express\\lib\\router\\index.js:284:15\n' +
    '    at param (C:\\Users\\josma\\OneDrive\\Documentos\\CoderHouse\\entrega-backend3-main\\node_modules\\express\\lib\\router\\index.js:365:14)\n' +
    '    at param (C:\\Users\\josma\\OneDrive\\Documentos\\CoderHouse\\entrega-backend3-main\\node_modules\\express\\lib\\router\\index.js:376:14)\n' +
    '    at Function.process_params (C:\\Users\\josma\\OneDrive\\Documentos\\CoderHouse\\entrega-backend3-main\\node_modules\\express\\lib\\router\\index.js:421:3)\n' +
    '    at next (C:\\Users\\josma\\OneDrive\\Documentos\\CoderHouse\\entrega-backend3-main\\node_modules\\express\\lib\\router\\index.js:280:10)\n' +
    '    at Function.handle (C:\\Users\\josma\\OneDrive\\Documentos\\CoderHouse\\entrega-backend3-main\\node_modules\\express\\lib\\router\\index.js:175:3)\n' +
    '    at router (C:\\Users\\josma\\OneDrive\\Documentos\\CoderHouse\\entrega-backend3-main\\node_modules\\express\\lib\\router\\index.js:47:12)\n' +
    '    at Layer.handle [as handle_request] (C:\\Users\\josma\\OneDrive\\Documentos\\CoderHouse\\entrega-backend3-main\\node_modules\\express\\lib\\router\\layer.js:95:5)\n' +
    '    at trim_prefix (C:\\Users\\josma\\OneDrive\\Documentos\\CoderHouse\\entrega-backend3-main\\node_modules\\express\\lib\\router\\index.js:328:13)\n' +
    '    at C:\\Users\\josma\\OneDrive\\Documentos\\CoderHouse\\entrega-backend3-main\\node_modules\\express\\lib\\router\\index.js:286:9\n' +
    '    at Function.process_params (C:\\Users\\josma\\OneDrive\\Documentos\\CoderHouse\\entrega-backend3-main\\node_modules\\express\\lib\\router\\index.js:346:12)\n' +
    '    at next (C:\\Users\\josma\\OneDrive\\Documentos\\CoderHouse\\entrega-backend3-main\\node_modules\\express\\lib\\router\\index.js:280:10)\n' +
    '    at cookieParser (C:\\Users\\josma\\OneDrive\\Documentos\\CoderHouse\\entrega-backend3-main\\node_modules\\cookie-parser\\index.js:57:14)\n' +
    '    at Layer.handle [as handle_request] (C:\\Users\\josma\\OneDrive\\Documentos\\CoderHouse\\entrega-backend3-main\\node_modules\\express\\lib\\router\\layer.js:95:5)\n' +
    '    at trim_prefix (C:\\Users\\josma\\OneDrive\\Documentos\\CoderHouse\\entrega-backend3-main\\node_modules\\express\\lib\\router\\index.js:328:13)\n' +
    '    at C:\\Users\\josma\\OneDrive\\Documentos\\CoderHouse\\entrega-backend3-main\\node_modules\\express\\lib\\router\\index.js:286:9\n' +
    '    at Function.process_params (C:\\Users\\josma\\OneDrive\\Documentos\\CoderHouse\\entrega-backend3-main\\node_modules\\express\\lib\\router\\index.js:346:12)\n' +
    '    at next (C:\\Users\\josma\\OneDrive\\Documentos\\CoderHouse\\entrega-backend3-main\\node_modules\\express\\lib\\router\\index.js:280:10)\n' +
    '    at jsonParser (C:\\Users\\josma\\OneDrive\\Documentos\\CoderHouse\\entrega-backend3-main\\node_modules\\body-parser\\lib\\types\\json.js:113:7)\n' +
    '    at Layer.handle [as handle_request] (C:\\Users\\josma\\OneDrive\\Documentos\\CoderHouse\\entrega-backend3-main\\node_modules\\express\\lib\\router\\layer.js:95:5)\n' +
    '    at trim_prefix (C:\\Users\\josma\\OneDrive\\Documentos\\CoderHouse\\entrega-backend3-main\\node_modules\\express\\lib\\router\\index.js:328:13)\n' +
    '    at C:\\Users\\josma\\OneDrive\\Documentos\\CoderHouse\\entrega-backend3-main\\node_modules\\express\\lib\\router\\index.js:286:9\n' +
    '    at Function.process_params (C:\\Users\\josma\\OneDrive\\Documentos\\CoderHouse\\entrega-backend3-main\\node_modules\\express\\lib\\router\\index.js:346:12)\n' +
    '    at next (C:\\Users\\josma\\OneDrive\\Documentos\\CoderHouse\\entrega-backend3-main\\node_modules\\express\\lib\\router\\index.js:280:10)\n' +
    '    at expressInit (C:\\Users\\josma\\OneDrive\\Documentos\\CoderHouse\\entrega-backend3-main\\node_modules\\express\\lib\\middleware\\init.js:40:5)\n' +
    '    at Layer.handle [as handle_request] (C:\\Users\\josma\\OneDrive\\Documentos\\CoderHouse\\entrega-backend3-main\\node_modules\\express\\lib\\router\\layer.js:95:5)\n' +
    '    at trim_prefix (C:\\Users\\josma\\OneDrive\\Documentos\\CoderHouse\\entrega-backend3-main\\node_modules\\express\\lib\\router\\index.js:328:13)\n' +
    '    at C:\\Users\\josma\\OneDrive\\Documentos\\CoderHouse\\entrega-backend3-main\\node_modules\\express\\lib\\router\\index.js:286:9\n' +
    '    at Function.process_params (C:\\Users\\josma\\OneDrive\\Documentos\\CoderHouse\\entrega-backend3-main\\node_modules\\express\\lib\\router\\index.js:346:12)\n' +
    '    at next (C:\\Users\\josma\\OneDrive\\Documentos\\CoderHouse\\entrega-backend3-main\\node_modules\\express\\lib\\router\\index.js:280:10)\n' +
    '    at query (C:\\Users\\josma\\OneDrive\\Documentos\\CoderHouse\\entrega-backend3-main\\node_modules\\express\\lib\\middleware\\query.js:45:5)\n' +
    '    at Layer.handle [as handle_request] (C:\\Users\\josma\\OneDrive\\Documentos\\CoderHouse\\entrega-backend3-main\\node_modules\\express\\lib\\router\\layer.js:95:5)\n' +
    '    at trim_prefix (C:\\Users\\josma\\OneDrive\\Documentos\\CoderHouse\\entrega-backend3-main\\node_modules\\express\\lib\\router\\index.js:328:13)\n' +
    '    at C:\\Users\\josma\\OneDrive\\Documentos\\CoderHouse\\entrega-backend3-main\\node_modules\\express\\lib\\router\\index.js:286:9\n' +
    '    at Function.process_params (C:\\Users\\josma\\OneDrive\\Documentos\\CoderHouse\\entrega-backend3-main\\node_modules\\express\\lib\\router\\index.js:346:12)\n' +
    '    at next (C:\\Users\\josma\\OneDrive\\Documentos\\CoderHouse\\entrega-backend3-main\\node_modules\\express\\lib\\router\\index.js:280:10)\n' +
    '    at Function.handle (C:\\Users\\josma\\OneDrive\\Documentos\\CoderHouse\\entrega-backend3-main\\node_modules\\express\\lib\\router\\index.js:175:3)\n' +
    '    at Function.handle (C:\\Users\\josma\\OneDrive\\Documentos\\CoderHouse\\entrega-backend3-main\\node_modules\\express\\lib\\application.js:181:10)\n' +
    '    at Server.app (C:\\Users\\josma\\OneDrive\\Documentos\\CoderHouse\\entrega-backend3-main\\node_modules\\express\\lib\\express.js:39:9)\n' +
    '    at Server.emit (node:events:518:28)\n' +
    '    at parserOnIncoming (node:_http_server:1155:12)\n' +
    '    at HTTPParser.parserOnHeadersComplete (node:_http_common:117:17)',
  details: null,
  url: '/api/users/undefined',
  method: 'DELETE',
  level: 'error',
  message: '[Error] Invalid user ID',
  timestamp: '2025-07-10T23:01:59.602Z'
}
{
  message: ' DELETE /api/pets/undefined - intento de eliminar mascota',
  level: 'info',
  timestamp: '2025-07-10T23:01:59.608Z'
}
{
  stringValue: '"undefined"',
  messageFormat: undefined,
  kind: 'ObjectId',
  value: 'undefined',
  path: '_id',
  reason: BSONError: input must be a 24 character hex string, 12 byte Uint8Array, or an integer
      at new ObjectId (C:\Users\josma\OneDrive\Documentos\CoderHouse\entrega-backend3-main\node_modules\bson\lib\bson.cjs:2523:23)
      at castObjectId (C:\Users\josma\OneDrive\Documentos\CoderHouse\entrega-backend3-main\node_modules\mongoose\lib\cast\objectid.js:25:12)
      at SchemaObjectId.cast (C:\Users\josma\OneDrive\Documentos\CoderHouse\entrega-backend3-main\node_modules\mongoose\lib\schema\objectId.js:249:12)
      at SchemaType.applySetters (C:\Users\josma\OneDrive\Documentos\CoderHouse\entrega-backend3-main\node_modules\mongoose\lib\schemaType.js:1255:12)
      at SchemaType.castForQuery (C:\Users\josma\OneDrive\Documentos\CoderHouse\entrega-backend3-main\node_modules\mongoose\lib\schemaType.js:1673:17)
      at cast (C:\Users\josma\OneDrive\Documentos\CoderHouse\entrega-backend3-main\node_modules\mongoose\lib\cast.js:390:32)
      at Query.cast (C:\Users\josma\OneDrive\Documentos\CoderHouse\entrega-backend3-main\node_modules\mongoose\lib\query.js:4907:12)
      at Query._castConditions (C:\Users\josma\OneDrive\Documentos\CoderHouse\entrega-backend3-main\node_modules\mongoose\lib\query.js:2325:10)
      at model.Query._findOne (C:\Users\josma\OneDrive\Documentos\CoderHouse\entrega-backend3-main\node_modules\mongoose\lib\query.js:2648:8)
      at model.Query.exec (C:\Users\josma\OneDrive\Documentos\CoderHouse\entrega-backend3-main\node_modules\mongoose\lib\query.js:4456:80)
      at process.processTicksAndRejections (node:internal/process/task_queues:105:5)
      at async PetsDAO.getBy (file:///C:/Users/josma/OneDrive/Documentos/CoderHouse/entrega-backend3-main/src/dao/Pets.dao.js:9:16)
      at async file:///C:/Users/josma/OneDrive/Documentos/CoderHouse/entrega-backend3-main/src/routes/pets.router.js:115:25,
  valueType: 'string',
  level: 'error',
  message: ' Error al eliminar mascota: Cast to ObjectId failed for value "undefined" (type string) at path "_id" for model "Pets"',
  stack: 'CastError: Cast to ObjectId failed for value "undefined" (type string) at path "_id" for model "Pets"\n' +
    '    at SchemaObjectId.cast (C:\\Users\\josma\\OneDrive\\Documentos\\CoderHouse\\entrega-backend3-main\\node_modules\\mongoose\\lib\\schema\\objectId.js:251:11)\n' +
    '    at SchemaType.applySetters (C:\\Users\\josma\\OneDrive\\Documentos\\CoderHouse\\entrega-backend3-main\\node_modules\\mongoose\\lib\\schemaType.js:1255:12)\n' +
    '    at SchemaType.castForQuery (C:\\Users\\josma\\OneDrive\\Documentos\\CoderHouse\\entrega-backend3-main\\node_modules\\mongoose\\lib\\schemaType.js:1673:17)\n' +
    '    at cast (C:\\Users\\josma\\OneDrive\\Documentos\\CoderHouse\\entrega-backend3-main\\node_modules\\mongoose\\lib\\cast.js:390:32)\n' +
    '    at Query.cast (C:\\Users\\josma\\OneDrive\\Documentos\\CoderHouse\\entrega-backend3-main\\node_modules\\mongoose\\lib\\query.js:4907:12)\n' +
    '    at Query._castConditions (C:\\Users\\josma\\OneDrive\\Documentos\\CoderHouse\\entrega-backend3-main\\node_modules\\mongoose\\lib\\query.js:2325:10)\n' +
    '    at model.Query._findOne (C:\\Users\\josma\\OneDrive\\Documentos\\CoderHouse\\entrega-backend3-main\\node_modules\\mongoose\\lib\\query.js:2648:8)\n' +
    '    at model.Query.exec (C:\\Users\\josma\\OneDrive\\Documentos\\CoderHouse\\entrega-backend3-main\\node_modules\\mongoose\\lib\\query.js:4456:80)\n' +
    '    at process.processTicksAndRejections (node:internal/process/task_queues:105:5)\n' +
    '    at async PetsDAO.getBy (file:///C:/Users/josma/OneDrive/Documentos/CoderHouse/entrega-backend3-main/src/dao/Pets.dao.js:9:16)\n' +
    '    at async file:///C:/Users/josma/OneDrive/Documentos/CoderHouse/entrega-backend3-main/src/routes/pets.router.js:115:25',
  timestamp: '2025-07-10T23:01:59.610Z'
}
{
  code: 500,
  stack: 'CastError: Cast to ObjectId failed for value "undefined" (type string) at path "_id" for model "Pets"\n' +
    '    at SchemaObjectId.cast (C:\\Users\\josma\\OneDrive\\Documentos\\CoderHouse\\entrega-backend3-main\\node_modules\\mongoose\\lib\\schema\\objectId.js:251:11)\n' +
    '    at SchemaType.applySetters (C:\\Users\\josma\\OneDrive\\Documentos\\CoderHouse\\entrega-backend3-main\\node_modules\\mongoose\\lib\\schemaType.js:1255:12)\n' +
    '    at SchemaType.castForQuery (C:\\Users\\josma\\OneDrive\\Documentos\\CoderHouse\\entrega-backend3-main\\node_modules\\mongoose\\lib\\schemaType.js:1673:17)\n' +
    '    at cast (C:\\Users\\josma\\OneDrive\\Documentos\\CoderHouse\\entrega-backend3-main\\node_modules\\mongoose\\lib\\cast.js:390:32)\n' +
    '    at Query.cast (C:\\Users\\josma\\OneDrive\\Documentos\\CoderHouse\\entrega-backend3-main\\node_modules\\mongoose\\lib\\query.js:4907:12)\n' +
    '    at Query._castConditions (C:\\Users\\josma\\OneDrive\\Documentos\\CoderHouse\\entrega-backend3-main\\node_modules\\mongoose\\lib\\query.js:2325:10)\n' +
    '    at model.Query._findOne (C:\\Users\\josma\\OneDrive\\Documentos\\CoderHouse\\entrega-backend3-main\\node_modules\\mongoose\\lib\\query.js:2648:8)\n' +
    '    at model.Query.exec (C:\\Users\\josma\\OneDrive\\Documentos\\CoderHouse\\entrega-backend3-main\\node_modules\\mongoose\\lib\\query.js:4456:80)\n' +
    '    at process.processTicksAndRejections (node:internal/process/task_queues:105:5)\n' +
    '    at async PetsDAO.getBy (file:///C:/Users/josma/OneDrive/Documentos/CoderHouse/entrega-backend3-main/src/dao/Pets.dao.js:9:16)\n' +
    '    at async file:///C:/Users/josma/OneDrive/Documentos/CoderHouse/entrega-backend3-main/src/routes/pets.router.js:115:25',
  details: null,
  url: '/api/pets/undefined',
  method: 'DELETE',
  level: 'error',
  message: '[CastError] Cast to ObjectId failed for value "undefined" (type string) at path "_id" for model "Pets"',
  timestamp: '2025-07-10T23:01:59.612Z'
}
